d:\parallel computing\lab8\lab8\lab8\x64\debug\vc143.pdb
d:\parallel computing\lab8\lab8\lab8\x64\debug\vc143.idb
d:\parallel computing\lab8\lab8\lab8\x64\debug\dev_array.obj
d:\parallel computing\lab8\lab8\lab8\x64\debug\dev_array.h.obj
d:\parallel computing\lab8\lab8\lab8\x64\debug\kernel.cu.obj
d:\parallel computing\lab8\lab8\lab8\x64\debug\matrixmul.cu.obj
d:\parallel computing\lab8\lab8\x64\debug\lab8.lib
d:\parallel computing\lab8\lab8\x64\debug\lab8.exp
d:\parallel computing\lab8\lab8\x64\debug\lab8.exe
d:\parallel computing\lab8\lab8\lab8\x64\debug\lab8.ilk
d:\parallel computing\lab8\lab8\x64\debug\lab8.pdb
d:\parallel computing\lab8\lab8\lab8\x64\debug\dev_array.h.cache
d:\parallel computing\lab8\lab8\lab8\x64\debug\kernel.cu.cache
d:\parallel computing\lab8\lab8\lab8\x64\debug\matrixmul.cu.cache
d:\parallel computing\lab8\lab8\lab8\x64\debug\lab8.tlog\cl.command.1.tlog
d:\parallel computing\lab8\lab8\lab8\x64\debug\lab8.tlog\cl.read.1.tlog
d:\parallel computing\lab8\lab8\lab8\x64\debug\lab8.tlog\cl.write.1.tlog
d:\parallel computing\lab8\lab8\lab8\x64\debug\lab8.tlog\cudacompile.read.1u.tlog
d:\parallel computing\lab8\lab8\lab8\x64\debug\lab8.tlog\cudacompile.write.1u.tlog
d:\parallel computing\lab8\lab8\lab8\x64\debug\lab8.tlog\link.command.1.tlog
d:\parallel computing\lab8\lab8\lab8\x64\debug\lab8.tlog\link.read.1.tlog
d:\parallel computing\lab8\lab8\lab8\x64\debug\lab8.tlog\link.write.1.tlog
d:\parallel computing\lab8\lab8\lab8\x64\debug\lab8.tlog\link.write.2u.tlog
